{"/Users/31611/Development/Github/FF-Add-Node-Module/index.js":{"path":"/Users/31611/Development/Github/FF-Add-Node-Module/index.js","s":{"1":1,"2":1,"3":2,"4":2,"5":1},"b":{},"f":{"1":1,"2":2,"3":2},"fnMap":{"1":{"name":"(anonymous_1)","line":1,"loc":{"start":{"line":1,"column":1},"end":{"line":1,"column":17}}},"2":{"name":"(anonymous_2)","line":5,"loc":{"start":{"line":5,"column":20},"end":{"line":5,"column":33}}},"3":{"name":"(anonymous_3)","line":6,"loc":{"start":{"line":6,"column":15},"end":{"line":6,"column":26}}}},"statementMap":{"1":{"start":{"line":1,"column":0},"end":{"line":12,"column":19}},"2":{"start":{"line":5,"column":4},"end":{"line":9,"column":6}},"3":{"start":{"line":6,"column":8},"end":{"line":8,"column":9}},"4":{"start":{"line":7,"column":12},"end":{"line":7,"column":25}},"5":{"start":{"line":11,"column":4},"end":{"line":11,"column":16}}},"branchMap":{}}}